name: run
run_id: commands[0]
env COMSPEC: C:\Windows\system32\cmd.exe
env NUMBER_OF_PROCESSORS: 4
env PATHEXT: .COM;.EXE;.BAT;.CMD;.VBS;.VBE;.JS;.JSE;.WSF;.WSH;.MSC
env PROCESSOR_ARCHITECTURE: AMD64
env PROGRAMDATA: C:\ProgramData
env PROGRAMFILES: C:\Program Files
env PROGRAMFILES(X86): C:\Program Files (x86)
env SYSTEMDRIVE: C:
env SYSTEMROOT: C:\Windows
env TEMP: C:\Users\User\AppData\Local\Temp
env TMP: C:\Users\User\AppData\Local\Temp
env USERPROFILE: C:\Users\User
env PATH: C:\Users\User\Youth Employment API\Predicting youth employment\youth employment api\.tox\test_app\Scripts;C:\Windows\system32;C:\Windows;C:\Windows\System32\Wbem;C:\Windows\System32\WindowsPowerShell\v1.0\;C:\Windows\System32\OpenSSH\;C:\Program Files\Git\cmd;C:\Users\User\scoop\shims;C:\Users\User\AppData\Local\Programs\Python\Python39\Scripts\;C:\Users\User\AppData\Local\Programs\Python\Python39\;C:\Users\User\AppData\Local\Microsoft\WindowsApps;
env PYTHONHASHSEED: 926
env PIP_DISABLE_PIP_VERSION_CHECK: 1
env PYTHONIOENCODING: utf-8
env PYTHONPATH: .
env TOX_ENV_NAME: run
env TOX_WORK_DIR: C:\Users\User\Youth Employment API\Predicting youth employment\youth employment api\.tox
env TOX_ENV_DIR: C:\Users\User\Youth Employment API\Predicting youth employment\youth employment api\.tox\test_app
env VIRTUAL_ENV: C:\Users\User\Youth Employment API\Predicting youth employment\youth employment api\.tox\test_app
env COLUMNS: 168
env LINES: 44
metadata pid: 6424
cwd: C:\Users\User\Youth Employment API\Predicting youth employment\youth employment api
allow: C:\Users\User\Youth Employment API\Predicting youth employment\youth employment api\.tox\test_app\Scripts\*
cmd: python app/main.py
exit_code: 0
INFO:     127.0.0.1:50424 - "GET /docs HTTP/1.1" 200 OK
INFO:     127.0.0.1:50424 - "GET /api/v1/openapi.json HTTP/1.1" 200 OK
INFO:     127.0.0.1:50425 - "POST /api/v1/predict HTTP/1.1" 200 OK
INFO:     127.0.0.1:50426 - "POST /api/v1/predict HTTP/1.1" 200 OK
INFO:     127.0.0.1:50431 - "GET /api/v1/health HTTP/1.1" 200 OK
INFO:     127.0.0.1:50432 - "POST /api/v1/predict HTTP/1.1" 200 OK
INFO:     127.0.0.1:50432 - "POST /api/v1/predict HTTP/1.1" 200 OK
INFO:     127.0.0.1:50435 - "POST /api/v1/predict HTTP/1.1" 200 OK

standard error:
C:\Users\User\Youth Employment API\Predicting youth employment\youth employment api\.tox\test_app\lib\site-packages\sklearn\base.py:310: UserWarning: Trying to unpickle estimator StandardScaler from version 1.0.2 when using version 0.24.2. This might lead to breaking code or invalid results. Use at your own risk.
  warnings.warn(
C:\Users\User\Youth Employment API\Predicting youth employment\youth employment api\.tox\test_app\lib\site-packages\sklearn\base.py:310: UserWarning: Trying to unpickle estimator DecisionTreeRegressor from version 1.0.2 when using version 0.24.2. This might lead to breaking code or invalid results. Use at your own risk.
  warnings.warn(
C:\Users\User\Youth Employment API\Predicting youth employment\youth employment api\.tox\test_app\lib\site-packages\sklearn\base.py:310: UserWarning: Trying to unpickle estimator RandomForestRegressor from version 1.0.2 when using version 0.24.2. This might lead to breaking code or invalid results. Use at your own risk.
  warnings.warn(
C:\Users\User\Youth Employment API\Predicting youth employment\youth employment api\.tox\test_app\lib\site-packages\sklearn\base.py:310: UserWarning: Trying to unpickle estimator Pipeline from version 1.0.2 when using version 0.24.2. This might lead to breaking code or invalid results. Use at your own risk.
  warnings.warn(
2023-08-22 17:02:10.186 | WARNING  | __main__:<module>:55 - Running in development mode. Do not run like this in production.
INFO:     Started server process [8024]
2023-08-22 17:02:10.582 | INFO     | uvicorn.server:serve:75 - Started server process [8024]
INFO:     Waiting for application startup.
2023-08-22 17:02:10.582 | INFO     | uvicorn.lifespan.on:startup:45 - Waiting for application startup.
INFO:     Application startup complete.
2023-08-22 17:02:10.583 | INFO     | uvicorn.lifespan.on:startup:59 - Application startup complete.
INFO:     Uvicorn running on http://0.0.0.0:8000 (Press CTRL+C to quit)
2023-08-22 17:02:10.584 | INFO     | uvicorn.server:_log_started_message:206 - Uvicorn running on http://0.0.0.0:8000 (Press CTRL+C to quit)
2023-08-22 17:03:01.343 | INFO     | app.api:predict:42 - Making prediction on inputs: [YOUTHDataInputSchema(population=3211620.0, ref_area='GHA', sex='SEX_M', age_bracket='15-24', total_inactive_population=891931.0, total_unemployed_population=120628.0, total_employed_population=2199060.0)]
2023-08-22 17:03:01.663 | INFO     | app.api:predict:49 - Prediction results: [8247.648]
2023-08-22 17:03:14.916 | INFO     | app.api:predict:42 - Making prediction on inputs: [YOUTHDataInputSchema(population=3211620.0, ref_area='GHA', sex='SEX_M', age_bracket='15-24', total_inactive_population=891931.0, total_unemployed_population=120628.0, total_employed_population=2199060.0)]
2023-08-22 17:03:14.958 | INFO     | app.api:predict:49 - Prediction results: [8247.648]
2023-08-22 17:04:10.753 | INFO     | app.api:predict:42 - Making prediction on inputs: [YOUTHDataInputSchema(population=3211620.0, ref_area='KEN', sex='SEX_M', age_bracket='15-24', total_inactive_population=891931.0, total_unemployed_population=120628.0, total_employed_population=2199060.0)]
2023-08-22 17:04:10.799 | INFO     | app.api:predict:49 - Prediction results: [8649.95188889]
2023-08-22 17:04:15.650 | INFO     | app.api:predict:42 - Making prediction on inputs: [YOUTHDataInputSchema(population=3211620.0, ref_area='KEN', sex='SEX_M', age_bracket='15-24', total_inactive_population=891931.0, total_unemployed_population=120628.0, total_employed_population=2199060.0)]
2023-08-22 17:04:15.705 | INFO     | app.api:predict:49 - Prediction results: [8649.95188889]
2023-08-22 17:04:30.433 | INFO     | app.api:predict:42 - Making prediction on inputs: [YOUTHDataInputSchema(population=3211620.0, ref_area='RWA', sex='SEX_M', age_bracket='15-24', total_inactive_population=891931.0, total_unemployed_population=120628.0, total_employed_population=2199060.0)]
2023-08-22 17:04:30.487 | INFO     | app.api:predict:49 - Prediction results: [8247.648]
INFO:     Shutting down
2023-08-22 17:04:46.377 | INFO     | uvicorn.server:shutdown:252 - Shutting down
INFO:     Waiting for application shutdown.
2023-08-22 17:04:46.485 | INFO     | uvicorn.lifespan.on:shutdown:64 - Waiting for application shutdown.
INFO:     Application shutdown complete.
2023-08-22 17:04:46.486 | INFO     | uvicorn.lifespan.on:shutdown:75 - Application shutdown complete.
INFO:     Finished server process [8024]
2023-08-22 17:04:46.486 | INFO     | uvicorn.server:serve:85 - Finished server process [8024]
